

Microchip MPLAB XC8 Assembler V3.10 build 20250813170317 
                                                                                                           Wed Jan 14 13:08:50 2026


     1                           	processor	18F4550
     2                           	pagewidth 132
     3                           	psect	const,global,reloc=2,class=CONST,space=0,delta=1,noexec
     4                           	psect	smallconst,global,reloc=2,class=SMALLCONST,space=0,delta=1,noexec
     5                           	psect	mediumconst,global,reloc=2,class=MEDIUMCONST,space=0,delta=1,noexec
     6                           	psect	rbss,global,class=COMRAM,space=1,delta=1,noexec
     7                           	psect	bss,global,class=RAM,space=1,delta=1,noexec
     8                           	psect	rdata,global,class=COMRAM,space=1,delta=1,noexec
     9                           	psect	irdata,global,reloc=2,class=CODE,space=0,delta=1,noexec
    10                           	psect	data,global,class=RAM,space=1,delta=1,noexec
    11                           	psect	idata,global,reloc=2,class=CODE,space=0,delta=1,noexec
    12                           	psect	nvrram,global,class=COMRAM,space=1,delta=1,noexec
    13                           	psect	nvbit,global,bit,class=COMRAM,space=1,delta=1,noexec
    14                           	psect	temp,global,ovrld,class=COMRAM,space=1,delta=1,noexec
    15                           	psect	struct,global,ovrld,class=COMRAM,space=1,delta=1,noexec
    16                           	psect	rbit,global,bit,class=COMRAM,space=1,delta=1,noexec
    17                           	psect	bigbss,global,class=BIGRAM,space=1,delta=1,noexec
    18                           	psect	bigdata,global,class=BIGRAM,space=1,delta=1,noexec
    19                           	psect	ibigdata,global,reloc=2,class=CODE,space=0,delta=1,noexec
    20                           	psect	farbss,global,reloc=2,class=FARRAM,space=0,delta=1,noexec
    21                           	psect	nvFARRAM,global,reloc=2,class=FARRAM,space=0,delta=1,noexec
    22                           	psect	fardata,global,reloc=2,class=FARRAM,space=0,delta=1,noexec
    23                           	psect	ifardata,global,reloc=2,class=CODE,space=0,delta=1,noexec
    24                           	psect	reset_vec,global,reloc=2,class=CODE,space=0,delta=1
    25                           	psect	powerup,global,reloc=2,class=CODE,space=0,delta=1
    26                           	psect	init,global,reloc=2,class=CODE,space=0,delta=1
    27                           	psect	text,global,reloc=2,class=CODE,space=0,delta=1
    28                           	psect	clrtext,global,reloc=2,class=CODE,space=0,delta=1
    29                           	psect	config,global,class=CONFIG,space=4,delta=1,noexec
    30                           	psect	idloc,global,class=IDLOC,space=5,delta=1,noexec
    31                           	psect	intcode,global,reloc=2,class=CODE,space=0,delta=1
    32                           	psect	sivt_hi,global,reloc=2,class=CODE,space=0,delta=1
    33                           	psect	intcode_body,global,reloc=2,class=CODE,space=0,delta=1
    34                           	psect	intcodelo,global,reloc=2,class=CODE,space=0,delta=1
    35                           	psect	sivt_lo,global,reloc=2,class=CODE,space=0,delta=1
    36                           	psect	intret,global,reloc=2,class=CODE,space=0,delta=1
    37                           	psect	intentry,global,reloc=2,class=CODE,space=0,delta=1
    38                           	psect	intsave_regs,global,class=BIGRAM,space=1,delta=1
    39                           	psect	eeprom_data,global,class=EEDATA,space=0,delta=1,noexec
    40                           	psect	ramtop,global,class=RAM,space=0,delta=1,noexec
    41                           	psect	stack,global,class=STACK,space=2,delta=1,noexec
    42                           	psect	heap,global,class=HEAP,space=7,delta=1,noexec
    43                           	psect	comram,global,class=COMRAM,space=1,delta=1
    44                           	psect	abs1,global,class=ABS1,space=1,delta=1
    45                           	psect	bigram,global,class=BIGRAM,space=1,delta=1
    46                           	psect	ram,global,class=RAM,space=1,delta=1
    47                           	psect	bank0,global,class=BANK0,space=1,delta=1
    48                           	psect	bank1,global,class=BANK1,space=1,delta=1
    49                           	psect	bank2,global,class=BANK2,space=1,delta=1
    50                           	psect	bank3,global,class=BANK3,space=1,delta=1
    51                           	psect	bank4,global,class=BANK4,space=1,delta=1
    52                           	psect	bank5,global,class=BANK5,space=1,delta=1
    53                           	psect	bank6,global,class=BANK6,space=1,delta=1
    54                           	psect	bank7,global,class=BANK7,space=1,delta=1
    55                           	psect	sfr,global,class=SFR,space=1,delta=1
    56                           	psect	bigsfr,global,class=BIGSFR,space=1,delta=1
    57                           
    58                           ; Microchip MPLAB XC8 C Compiler V3.10
    59                           ; Copyright (C) 2025 Microchip Technology Inc.
    60                           ; Auto-generated runtime startup code for final link stage.
    61                           ;
    62                           ; Compiler options:
    63                           ;
    64                           ; -q --opt=none --chip=18f4550 \
    65                           ; --dfp=/opt/microchip/mplabx/v6.25/packs/Microchip/PIC18Fxxxx_DFP/1.7.171/xc8 \
    66                           ; -Iinc build/obj/app/main.p1 build/obj/app/app.p1 \
    67                           ; build/obj/src/gpio_driver.p1 build/obj/src/led_driver.p1 \
    68                           ; build/obj/src/scheduler.p1 build/obj/src/timer0.p1 \
    69                           ; build/obj/src/interrupts.p1 build/obj/src/event.p1 \
    70                           ; build/obj/src/button_driver.p1 -obutton_event --objdir=build/bin \
    71                           ; --outdir=build/bin -L--fixupoverflow=error --std=c99 --rors \
    72                           ; --icl=auto --callgraph=none --warn=-3 \
    73                           ; --errformat=%f:%l:%c: error: (%n) %s \
    74                           ; --warnformat=%f:%l:%c: warning: (%n) %s \
    75                           ; --msgformat=%f:%l:%c: advisory: (%n) %s
    76                           ;
    77   000000                     
    78                           ; Generated 17/01/2025 GMT
    79                           ; 
    80                           ; Copyright © 2025, Microchip Technology Inc. and its subsidiaries ("Microchip")
    81                           ; All rights reserved.
    82                           ; 
    83                           ; This software is developed by Microchip Technology Inc. and its subsidiaries ("Microchip").
    84                           ; 
    85                           ; Redistribution and use in source and binary forms, with or without modification, are
    86                           ; permitted provided that the following conditions are met:
    87                           ; 
    88                           ;     1. Redistributions of source code must retain the above copyright notice, this list of
    89                           ;        conditions and the following disclaimer.
    90                           ; 
    91                           ;     2. Redistributions in binary form must reproduce the above copyright notice, this list
    92                           ;        of conditions and the following disclaimer in the documentation and/or other
    93                           ;        materials provided with the distribution. Publication is not required when
    94                           ;        this file is used in an embedded application.
    95                           ; 
    96                           ;     3. Microchip's name may not be used to endorse or promote products derived from this
    97                           ;        software without specific prior written permission.
    98                           ; 
    99                           ; THIS SOFTWARE IS PROVIDED BY MICROCHIP "AS IS" AND ANY EXPRESS OR IMPLIED WARRANTIES,
   100                           ; INCLUDING, BUT NOT LIMITED TO, THE IMPLIED WARRANTIES OF MERCHANTABILITY AND FITNESS FOR
   101                           ; PURPOSE ARE DISCLAIMED.  IN NO EVENT SHALL MICROCHIP BE LIABLE FOR ANY DIRECT, INDIRECT,
   102                           ; INCIDENTAL, SPECIAL, EXEMPLARY, OR CONSEQUENTIAL DAMAGES (INCLUDING BUT NOT LIMITED TO
   103                           ; PROCUREMENT OF SUBSTITUTE GOODS OR SERVICES; LOSS OF USE, DATA OR PROFITS; OR BUSINESS
   104                           ; INTERRUPTION) HOWSOEVER CAUSED AND ON ANY THEORY OF LIABILITY, WHETHER IN CONTRACT, STRICT
   105                           ; LIABILITY, OR TORT (INCLUDING NEGLIGENCE OR OTHERWISE) ARISING IN ANY WAY OUT OF THE USE OF
   106                           ; THIS SOFTWARE, EVEN IF ADVISED OF THE POSSIBILITY OF SUCH DAMAGE.
   107                           ; 
   108                           ; 
   109                           ; Code-generator required, PIC18F4550 Definitions
   110                           ; 
   111                           ; SFR Addresses
   112   000FE0                     bsr             equ	4064
   113   000FE9                     fsr0            equ	4073
   114   000FEA                     fsr0h           equ	4074
   115   000FE9                     fsr0l           equ	4073
   116   000FE1                     fsr1            equ	4065
   117   000FE2                     fsr1h           equ	4066
   118   000FE1                     fsr1l           equ	4065
   119   000FD9                     fsr2            equ	4057
   120   000FDA                     fsr2h           equ	4058
   121   000FD9                     fsr2l           equ	4057
   122   000FEF                     indf0           equ	4079
   123   000FE7                     indf1           equ	4071
   124   000FDF                     indf2           equ	4063
   125   000FF2                     intcon          equ	4082
   126   000000                     nvmcon          equ	0
   127   000FF9                     pcl             equ	4089
   128   000FFA                     pclath          equ	4090
   129   000FFB                     pclatu          equ	4091
   130   000FEB                     plusw0          equ	4075
   131   000FE3                     plusw1          equ	4067
   132   000FDB                     plusw2          equ	4059
   133   000FED                     postdec0        equ	4077
   134   000FE5                     postdec1        equ	4069
   135   000FDD                     postdec2        equ	4061
   136   000FEE                     postinc0        equ	4078
   137   000FE6                     postinc1        equ	4070
   138   000FDE                     postinc2        equ	4062
   139   000FEC                     preinc0         equ	4076
   140   000FE4                     preinc1         equ	4068
   141   000FDC                     preinc2         equ	4060
   142   000FF3                     prod            equ	4083
   143   000FF4                     prodh           equ	4084
   144   000FF3                     prodl           equ	4083
   145   000FD8                     status          equ	4056
   146   000FF5                     tablat          equ	4085
   147   000FF6                     tblptr          equ	4086
   148   000FF7                     tblptrh         equ	4087
   149   000FF6                     tblptrl         equ	4086
   150   000FF8                     tblptru         equ	4088
   151   000FFD                     tosl            equ	4093
   152   000FE8                     wreg            equ	4072
   153   000001                     pic18cxx        equ	1
   154                           
   155                           	psect	reset_vec
   156   000000                     
   157                           ; No powerup routine
   158                           ; jump to start
   159   000000  EF07  F000         	goto	start
   160   000060                     __accesstop     equ	96
   161                           
   162                           ;Initialize the stack pointer (FSR1)
   163   000000                     stacklo         equ	0
   164   000000                     stackhi         equ	0
   165                           
   166                           	psect	init
   167   00000E                     start:
   168                           	callstack 0
   169   00000E  EF98  F006         	goto	start_initialization	;jump to C runtime clear & initialization
   170                           
   171                           	psect	text
   172   000000                     intlevel0:
   173                           	callstack 0
   174   000000                     intlevel1:
   175                           	callstack 0
   176   000000                     intlevel2:
   177                           	callstack 0
   178   000000                     intlevel3:
   179                           	callstack 0	; top of RAM usage
   180                           
   181                           	psect	ramtop
   182   000800                     __ramtop:
   183                           	callstack 0
   184                           
   185                           	psect	stack
   186   000000                     ___sp:
   187                           	callstack 0
   188   000000                     ___inthi_sp:
   189                           	callstack 0
   190   000000                     ___intlo_sp:
   191                           	callstack 0
   192   000000                     ___stack_lo:
   193                           	callstack 0
   194   000000                     ___stack_hi:
   195                           	callstack 0
   196   000000                     ___inthi_stack_lo:
   197                           	callstack 0
   198   000000                     ___inthi_stack_hi:
   199                           	callstack 0
   200   000000                     ___intlo_stack_lo:
   201                           	callstack 0
   202   000000                     ___intlo_stack_hi:
   203                           	callstack 0
   204                           
   205                           ; No heap to be allocated
   206                           
   207                           	psect	heap
   208   000000                     ___heap_lo      equ	0
   209   000000                     ___heap_hi      equ	0
   210                           tosu	equ	0xFFF
   211                           tosh	equ	0xFFE
   212                           tosl	equ	0xFFD
   213                           stkptr	equ	0xFFC
   214                           pclatu	equ	0xFFB
   215                           pclath	equ	0xFFA
   216                           pcl	equ	0xFF9
   217                           tblptru	equ	0xFF8
   218                           tblptrh	equ	0xFF7
   219                           tblptrl	equ	0xFF6
   220                           tablat	equ	0xFF5
   221                           prodh	equ	0xFF4
   222                           prodl	equ	0xFF3
   223                           indf0	equ	0xFEF
   224                           postinc0	equ	0xFEE
   225                           postdec0	equ	0xFED
   226                           preinc0	equ	0xFEC
   227                           plusw0	equ	0xFEB
   228                           fsr0h	equ	0xFEA
   229                           fsr0l	equ	0xFE9
   230                           wreg	equ	0xFE8
   231                           indf1	equ	0xFE7
   232                           postinc1	equ	0xFE6
   233                           postdec1	equ	0xFE5
   234                           preinc1	equ	0xFE4
   235                           plusw1	equ	0xFE3
   236                           fsr1h	equ	0xFE2
   237                           fsr1l	equ	0xFE1
   238                           bsr	equ	0xFE0
   239                           indf2	equ	0xFDF
   240                           postinc2	equ	0xFDE
   241                           postdec2	equ	0xFDD
   242                           preinc2	equ	0xFDC
   243                           plusw2	equ	0xFDB
   244                           fsr2h	equ	0xFDA
   245                           fsr2l	equ	0xFD9
   246                           status	equ	0xFD8


Microchip Technology PIC18 Macro Assembler V3.10 build 20250813170317 
Symbol Table                                                                                               Wed Jan 14 13:08:50 2026

                __S1 0072                 ___sp 0000                 _main 0D8A                 start 000E  
              __HRAM 0000                __LRAM 0001               isa$std 0001     ___inthi_stack_hi 0000  
   ___inthi_stack_lo 0000               stackhi 0000               stacklo 0000           __accesstop 0060  
         ___inthi_sp 0000           ___intlo_sp 0000           ___stack_hi 0000           ___stack_lo 0000  
   ___intlo_stack_hi 0000     ___intlo_stack_lo 0000              __ramtop 0800  start_initialization 0D30  
          ___heap_hi 0000            ___heap_lo 0000             isa$xinst 0000             intlevel0 0000  
           intlevel1 0000             intlevel2 0000             intlevel3 0000             reset_vec 0000  
